<?xml version="1.0" encoding="UTF-8"?>
<!-- Generated by org.testng.reporters.JUnitXMLReporter -->
<testsuite ignored="4" hostname="LAPTOP-QFO71BU4" failures="0" tests="7" name="ChromeTest" time="77.019" errors="0" timestamp="2024-09-06T16:38:44 IST">
  <testcase classname="com.mystroe.testScripts.HomePageTest" name="shopingCartTest" time="6.597"/>
  <testcase classname="com.mystroe.testScripts.IndexPageTest" name="verifyLogo" time="0.051"/>
  <testcase classname="com.mystroe.testScripts.IndexPageTest" name="verifyTitle" time="2.417"/>
  <testcase classname="com.mystroe.testScripts.LoginPageTest" name="InValidUserNameInValidPassword" time="5.357"/>
  <testcase classname="com.mystroe.testScripts.LoginPageTest" name="InValidUserNameValidPassword" time="5.354"/>
  <testcase classname="com.mystroe.testScripts.LoginPageTest" name="ValidUserNameInValidPassword" time="5.689"/>
  <testcase classname="com.mystroe.testScripts.LoginPageTest" name="ValidUserNameValidPassword" time="5.531"/>
  <testcase classname="com.mystroe.base.Baseclass" name="@BeforeSuite beforeSuite" time="0.0">
    <ignored/>
  </testcase> <!-- @BeforeSuite beforeSuite -->
  <testcase classname="com.mystroe.base.Baseclass" name="@BeforeSuite beforeSuite" time="0.0">
    <ignored/>
  </testcase> <!-- @BeforeSuite beforeSuite -->
  <testcase classname="com.mystroe.base.Baseclass" name="@AfterSuite afterSuite" time="0.0">
    <ignored/>
  </testcase> <!-- @AfterSuite afterSuite -->
  <testcase classname="com.mystroe.base.Baseclass" name="@AfterSuite afterSuite" time="0.0">
    <ignored/>
  </testcase> <!-- @AfterSuite afterSuite -->
</testsuite> <!-- ChromeTest -->
