<?xml version="1.0" encoding="UTF-8"?>
<!-- Generated by org.testng.reporters.JUnitXMLReporter -->
<testsuite ignored="4" hostname="LAPTOP-QFO71BU4" failures="0" tests="7" name="IETest" time="99.591" errors="0" timestamp="2024-09-06T16:39:07 IST">
  <testcase classname="com.mystroe.testScripts.HomePageTest" name="shopingCartTest" time="6.311"/>
  <testcase classname="com.mystroe.testScripts.IndexPageTest" name="verifyLogo" time="0.067"/>
  <testcase classname="com.mystroe.testScripts.IndexPageTest" name="verifyTitle" time="0.011"/>
  <testcase classname="com.mystroe.testScripts.LoginPageTest" name="InValidUserNameInValidPassword" time="5.496"/>
  <testcase classname="com.mystroe.testScripts.LoginPageTest" name="InValidUserNameValidPassword" time="5.301"/>
  <testcase classname="com.mystroe.testScripts.LoginPageTest" name="ValidUserNameInValidPassword" time="5.674"/>
  <testcase classname="com.mystroe.testScripts.LoginPageTest" name="ValidUserNameValidPassword" time="6.189"/>
  <testcase classname="com.mystroe.base.Baseclass" name="@BeforeSuite beforeSuite" time="0.0">
    <ignored/>
  </testcase> <!-- @BeforeSuite beforeSuite -->
  <testcase classname="com.mystroe.base.Baseclass" name="@BeforeSuite beforeSuite" time="0.0">
    <ignored/>
  </testcase> <!-- @BeforeSuite beforeSuite -->
  <testcase classname="com.mystroe.base.Baseclass" name="@AfterSuite afterSuite" time="0.0">
    <ignored/>
  </testcase> <!-- @AfterSuite afterSuite -->
  <testcase classname="com.mystroe.base.Baseclass" name="@AfterSuite afterSuite" time="0.0">
    <ignored/>
  </testcase> <!-- @AfterSuite afterSuite -->
</testsuite> <!-- IETest -->
