<?xml version="1.0" encoding="UTF-8"?>
<!-- Generated by org.testng.reporters.JUnitXMLReporter -->
<testsuite ignored="14" hostname="LAPTOP-QFO71BU4" failures="1" tests="9" name="Regression" time="148.692" errors="0" timestamp="2022-05-22T09:14:08 IST">
  <testcase classname="com.mystroe.testScripts.IndexPageTest" name="verifyTitle" time="0.001">
    <failure type="java.lang.NullPointerException" message="Cannot invoke &amp;quot;com.mystroe.pageObjects.IndexPage.getMyStroeTitle()&amp;quot; because &amp;quot;this.indexPage&amp;quot; is null">
      <![CDATA[java.lang.NullPointerException: Cannot invoke "com.mystroe.pageObjects.IndexPage.getMyStroeTitle()" because "this.indexPage" is null
at com.mystroe.testScripts.IndexPageTest.verifyTitle(IndexPageTest.java:34)
at java.base/java.util.concurrent.ThreadPoolExecutor.runWorker(ThreadPoolExecutor.java:1130)
at java.base/java.util.concurrent.ThreadPoolExecutor$Worker.run(ThreadPoolExecutor.java:630)
at java.base/java.lang.Thread.run(Thread.java:831)
... Removed 12 stack frames]]>
    </failure>
  </testcase> <!-- verifyTitle -->
  <testcase classname="com.mystroe.testScripts.IndexPageTest" name="verifyLogo" time="0.201"/>
  <testcase classname="com.mystroe.testScripts.SearchResultPageTest" name="productAvailabilityTest" time="4.104"/>
  <testcase classname="com.mystroe.testScripts.HomePageTest" name="orderHistoryandDetailsTest" time="10.38"/>
  <testcase classname="com.mystroe.testScripts.AddToCartPageTest" name="addToCartTest" time="13.938"/>
  <testcase classname="com.mystroe.testScripts.LoginPageTest" name="loginTest" time="19.878"/>
  <testcase classname="com.mystroe.testScripts.AccountCreationPageTest" name="verifyCreateAccountPageTest" time="15.03"/>
  <testcase classname="com.mystroe.testScripts.OrderPageTest" name="verifyTotalPrice" time="35.508"/>
  <testcase classname="com.mystroe.testScripts.EndToEndTest" name="endToEndTest" time="106.666"/>
  <testcase classname="com.mystroe.base.Baseclass" name="@AfterSuite afterSuite" time="0.0">
    <ignored/>
  </testcase> <!-- @AfterSuite afterSuite -->
  <testcase classname="com.mystroe.base.Baseclass" name="@AfterSuite afterSuite" time="0.0">
    <ignored/>
  </testcase> <!-- @AfterSuite afterSuite -->
  <testcase classname="com.mystroe.base.Baseclass" name="@AfterSuite afterSuite" time="0.0">
    <ignored/>
  </testcase> <!-- @AfterSuite afterSuite -->
  <testcase classname="com.mystroe.base.Baseclass" name="@AfterSuite afterSuite" time="0.0">
    <ignored/>
  </testcase> <!-- @AfterSuite afterSuite -->
  <testcase classname="com.mystroe.base.Baseclass" name="@AfterSuite afterSuite" time="0.0">
    <ignored/>
  </testcase> <!-- @AfterSuite afterSuite -->
  <testcase classname="com.mystroe.base.Baseclass" name="@AfterSuite afterSuite" time="0.0">
    <ignored/>
  </testcase> <!-- @AfterSuite afterSuite -->
  <testcase classname="com.mystroe.base.Baseclass" name="@AfterSuite afterSuite" time="0.0">
    <ignored/>
  </testcase> <!-- @AfterSuite afterSuite -->
  <testcase classname="com.mystroe.base.Baseclass" name="@BeforeSuite beforeSuite" time="0.0">
    <ignored/>
  </testcase> <!-- @BeforeSuite beforeSuite -->
  <testcase classname="com.mystroe.base.Baseclass" name="@BeforeSuite beforeSuite" time="0.0">
    <ignored/>
  </testcase> <!-- @BeforeSuite beforeSuite -->
  <testcase classname="com.mystroe.base.Baseclass" name="@BeforeSuite beforeSuite" time="0.0">
    <ignored/>
  </testcase> <!-- @BeforeSuite beforeSuite -->
  <testcase classname="com.mystroe.base.Baseclass" name="@BeforeSuite beforeSuite" time="0.0">
    <ignored/>
  </testcase> <!-- @BeforeSuite beforeSuite -->
  <testcase classname="com.mystroe.base.Baseclass" name="@BeforeSuite beforeSuite" time="0.0">
    <ignored/>
  </testcase> <!-- @BeforeSuite beforeSuite -->
  <testcase classname="com.mystroe.base.Baseclass" name="@BeforeSuite beforeSuite" time="0.0">
    <ignored/>
  </testcase> <!-- @BeforeSuite beforeSuite -->
  <testcase classname="com.mystroe.base.Baseclass" name="@BeforeSuite beforeSuite" time="0.0">
    <ignored/>
  </testcase> <!-- @BeforeSuite beforeSuite -->
</testsuite> <!-- Regression -->
