<?xml version="1.0" encoding="UTF-8"?>
<!-- Generated by org.testng.reporters.JUnitXMLReporter -->
<testsuite ignored="0" hostname="LAPTOP-QFO71BU4" failures="0" tests="4" name="Test" time="51.915" errors="0" timestamp="2024-09-06T18:17:04 IST">
  <testcase classname="com.mystroe.testScripts.LoginPageTest" name="InValidUserNameInValidPassword" time="6.558"/>
  <testcase classname="com.mystroe.testScripts.LoginPageTest" name="InValidUserNameValidPassword" time="6.191"/>
  <testcase classname="com.mystroe.testScripts.LoginPageTest" name="ValidUserNameInValidPassword" time="5.583"/>
  <testcase classname="com.mystroe.testScripts.LoginPageTest" name="ValidUserNameValidPassword" time="6.191"/>
</testsuite> <!-- Test -->
