<?xml version="1.0" encoding="UTF-8"?>
<!-- Generated by org.testng.reporters.JUnitXMLReporter -->
<testsuite ignored="1" hostname="LAPTOP-QFO71BU4" failures="1" tests="1" name="Regression(failed)" time="10.137" errors="0" timestamp="2022-05-22T08:38:08 IST">
  <testcase classname="com.mystroe.testScripts.IndexPageTest" name="verifyTitle" time="0.01">
    <failure type="java.lang.NullPointerException" message="Cannot invoke &amp;quot;com.mystroe.pageObjects.IndexPage.getMyStroeTitle()&amp;quot; because &amp;quot;this.indexPage&amp;quot; is null">
      <![CDATA[java.lang.NullPointerException: Cannot invoke "com.mystroe.pageObjects.IndexPage.getMyStroeTitle()" because "this.indexPage" is null
at com.mystroe.testScripts.IndexPageTest.verifyTitle(IndexPageTest.java:34)
at java.base/java.util.concurrent.ThreadPoolExecutor.runWorker(ThreadPoolExecutor.java:1130)
at java.base/java.util.concurrent.ThreadPoolExecutor$Worker.run(ThreadPoolExecutor.java:630)
at java.base/java.lang.Thread.run(Thread.java:831)
... Removed 12 stack frames]]>
    </failure>
  </testcase> <!-- verifyTitle -->
  <testcase classname="com.mystroe.testScripts.IndexPageTest" name="verifyLogo" time="0.0">
    <ignored/>
  </testcase> <!-- verifyLogo -->
</testsuite> <!-- Regression(failed) -->
